StepApp 2 copy/app/build/intermediates/manifest_merge_blame_file/debug/manifest-merger-blame-debug-report.txt
1<?xml version="1.0" encoding="utf-8"?>
2<manifest xmlns:android="http://schemas.android.com/apk/res/android"
3    package="com.example.whosrunning"
4    android:versionCode="1"
5    android:versionName="1.0" >
6
7    <uses-sdk
8        android:minSdkVersion="26"
8-->src/main/AndroidManifest.xml
9        android:targetSdkVersion="31" />
9-->src/main/AndroidManifest.xml
10    <!-- Required for 28 and below. -->
11    <uses-permission android:name="android.permission.BLUETOOTH_CONNECT" />
11-->src/main/AndroidManifest.xml:4:5-76
11-->src/main/AndroidManifest.xml:4:22-73
12    <uses-permission android:name="com.google.android.gms.permission.ACTIVITY_RECOGNITION" /> <!-- Required for 29+. -->
12-->src/main/AndroidManifest.xml:5:5-94
12-->src/main/AndroidManifest.xml:5:22-91
13    <uses-permission android:name="android.permission.ACTIVITY_RECOGNITION" />
13-->src/main/AndroidManifest.xml:6:5-79
13-->src/main/AndroidManifest.xml:6:22-76
14    <uses-permission android:name="android.permission.WRITE_EXTERNAL_STORAGE" />
14-->src/main/AndroidManifest.xml:7:5-81
14-->src/main/AndroidManifest.xml:7:22-78
15    <uses-permission android:name="android.permission.READ_EXTERNAL_STORAGE" />
15-->src/main/AndroidManifest.xml:8:5-80
15-->src/main/AndroidManifest.xml:8:22-77
16    <uses-permission android:name="android.permission.BLUETOOTH" />
16-->src/main/AndroidManifest.xml:9:5-68
16-->src/main/AndroidManifest.xml:9:22-65
17    <uses-permission android:name="android.permission.BLUETOOTH_ADMIN" />
17-->src/main/AndroidManifest.xml:10:5-74
17-->src/main/AndroidManifest.xml:10:22-71
18    <uses-permission android:name="android.permission.ACCESS_FINE_LOCATION" />
18-->src/main/AndroidManifest.xml:11:5-79
18-->src/main/AndroidManifest.xml:11:22-76
19    <uses-permission android:name="android.permission.ACCESS_COARSE_LOCATION" />
19-->src/main/AndroidManifest.xml:12:5-81
19-->src/main/AndroidManifest.xml:12:22-78
20
21    <queries>
21-->[com.github.dhaval2404:imagepicker:2.1] AndroidManifest.xml:9:5-19:15
22
23        <!-- Query Camera Packages -->
24        <intent>
24-->[com.github.dhaval2404:imagepicker:2.1] AndroidManifest.xml:12:9-14:18
25            <action android:name="android.media.action.IMAGE_CAPTURE" />
25-->[com.github.dhaval2404:imagepicker:2.1] AndroidManifest.xml:13:13-73
25-->[com.github.dhaval2404:imagepicker:2.1] AndroidManifest.xml:13:21-70
26        </intent>
27        <!-- Query Open Document -->
28        <intent>
28-->[com.github.dhaval2404:imagepicker:2.1] AndroidManifest.xml:16:9-18:18
29            <action android:name="android.intent.action.OPEN_DOCUMENT_TREE" />
29-->[com.github.dhaval2404:imagepicker:2.1] AndroidManifest.xml:17:13-79
29-->[com.github.dhaval2404:imagepicker:2.1] AndroidManifest.xml:17:21-76
30        </intent>
31    </queries>
32
33    <application
33-->src/main/AndroidManifest.xml:15:5-41:19
34        android:allowBackup="true"
34-->src/main/AndroidManifest.xml:16:9-35
35        android:appComponentFactory="androidx.core.app.CoreComponentFactory"
35-->[androidx.core:core:1.3.2] AndroidManifest.xml:24:18-86
36        android:debuggable="true"
37        android:extractNativeLibs="false"
38        android:icon="@drawable/app_icon"
38-->src/main/AndroidManifest.xml:17:9-42
39        android:label="@string/app_name"
39-->src/main/AndroidManifest.xml:18:9-41
40        android:requestLegacyExternalStorage="true"
40-->src/main/AndroidManifest.xml:19:9-52
41        android:roundIcon="@drawable/app_icon"
41-->src/main/AndroidManifest.xml:20:9-47
42        android:supportsRtl="true"
42-->src/main/AndroidManifest.xml:21:9-35
43        android:testOnly="true"
44        android:theme="@style/AppTheme" >
44-->src/main/AndroidManifest.xml:22:9-40
45        <activity
45-->src/main/AndroidManifest.xml:23:9-29:20
46            android:name="com.example.stepapp.ChatActivity"
46-->src/main/AndroidManifest.xml:24:13-41
47            android:exported="false" >
47-->src/main/AndroidManifest.xml:25:13-37
48            <meta-data
48-->src/main/AndroidManifest.xml:26:13-28:36
49                android:name="android.app.lib_name"
49-->src/main/AndroidManifest.xml:27:17-52
50                android:value="" />
50-->src/main/AndroidManifest.xml:28:17-33
51        </activity>
52        <activity
52-->src/main/AndroidManifest.xml:30:9-40:20
53            android:name="com.example.stepapp.MainActivity"
53-->src/main/AndroidManifest.xml:31:13-41
54            android:exported="true"
54-->src/main/AndroidManifest.xml:32:13-36
55            android:label="@string/app_name"
55-->src/main/AndroidManifest.xml:33:13-45
56            android:theme="@style/AppTheme.NoActionBar" >
56-->src/main/AndroidManifest.xml:34:13-56
57            <intent-filter>
57-->src/main/AndroidManifest.xml:35:13-39:29
58                <action android:name="android.intent.action.MAIN" />
58-->src/main/AndroidManifest.xml:36:17-69
58-->src/main/AndroidManifest.xml:36:25-66
59
60                <category android:name="android.intent.category.LAUNCHER" />
60-->src/main/AndroidManifest.xml:38:17-77
60-->src/main/AndroidManifest.xml:38:27-74
61            </intent-filter>
62        </activity>
63        <activity
63-->[com.github.dhaval2404:imagepicker:2.1] AndroidManifest.xml:22:9-25:68
64            android:name="com.github.dhaval2404.imagepicker.ImagePickerActivity"
64-->[com.github.dhaval2404:imagepicker:2.1] AndroidManifest.xml:23:13-81
65            android:screenOrientation="unspecified"
65-->[com.github.dhaval2404:imagepicker:2.1] AndroidManifest.xml:24:13-52
66            android:theme="@style/Theme.Transparent.ImagePicker" />
66-->[com.github.dhaval2404:imagepicker:2.1] AndroidManifest.xml:25:13-65
67        <activity
67-->[com.github.dhaval2404:imagepicker:2.1] AndroidManifest.xml:26:9-29:72
68            android:name="com.yalantis.ucrop.UCropActivity"
68-->[com.github.dhaval2404:imagepicker:2.1] AndroidManifest.xml:27:13-60
69            android:screenOrientation="portrait"
69-->[com.github.dhaval2404:imagepicker:2.1] AndroidManifest.xml:28:13-49
70            android:theme="@style/Theme.AppCompat.Light.NoActionBar" />
70-->[com.github.dhaval2404:imagepicker:2.1] AndroidManifest.xml:29:13-69
71
72        <provider
72-->[com.github.dhaval2404:imagepicker:2.1] AndroidManifest.xml:31:9-39:20
73            android:name="com.github.dhaval2404.imagepicker.ImagePickerFileProvider"
73-->[com.github.dhaval2404:imagepicker:2.1] AndroidManifest.xml:32:13-85
74            android:authorities="com.example.whosrunning.imagepicker.provider"
74-->[com.github.dhaval2404:imagepicker:2.1] AndroidManifest.xml:33:13-72
75            android:exported="false"
75-->[com.github.dhaval2404:imagepicker:2.1] AndroidManifest.xml:34:13-37
76            android:grantUriPermissions="true" >
76-->[com.github.dhaval2404:imagepicker:2.1] AndroidManifest.xml:35:13-47
77            <meta-data
77-->[com.github.dhaval2404:imagepicker:2.1] AndroidManifest.xml:36:13-38:71
78                android:name="android.support.FILE_PROVIDER_PATHS"
78-->[com.github.dhaval2404:imagepicker:2.1] AndroidManifest.xml:37:17-67
79                android:resource="@xml/image_picker_provider_paths" />
79-->[com.github.dhaval2404:imagepicker:2.1] AndroidManifest.xml:38:17-68
80        </provider>
81        <provider
81-->[com.squareup.picasso:picasso:2.71828] AndroidManifest.xml:8:9-11:40
82            android:name="com.squareup.picasso.PicassoProvider"
82-->[com.squareup.picasso:picasso:2.71828] AndroidManifest.xml:9:13-64
83            android:authorities="com.example.whosrunning.com.squareup.picasso"
83-->[com.squareup.picasso:picasso:2.71828] AndroidManifest.xml:10:13-72
84            android:exported="false" />
84-->[com.squareup.picasso:picasso:2.71828] AndroidManifest.xml:11:13-37
85        <provider
85-->[androidx.lifecycle:lifecycle-process:2.2.0] AndroidManifest.xml:25:9-29:43
86            android:name="androidx.lifecycle.ProcessLifecycleOwnerInitializer"
86-->[androidx.lifecycle:lifecycle-process:2.2.0] AndroidManifest.xml:26:13-79
87            android:authorities="com.example.whosrunning.lifecycle-process"
87-->[androidx.lifecycle:lifecycle-process:2.2.0] AndroidManifest.xml:27:13-69
88            android:exported="false"
88-->[androidx.lifecycle:lifecycle-process:2.2.0] AndroidManifest.xml:28:13-37
89            android:multiprocess="true" />
89-->[androidx.lifecycle:lifecycle-process:2.2.0] AndroidManifest.xml:29:13-40
90    </application>
91
92</manifest>